{"/Users/moisesparra82/Documents/second_year/third_semester/web_service_class/lesson2_rest_api/final_project/quick_menu/app.js": {"path":"/Users/moisesparra82/Documents/second_year/third_semester/web_service_class/lesson2_rest_api/final_project/quick_menu/app.js","statementMap":{"0":{"start":{"line":1,"column":16},"end":{"line":1,"column":34}},"1":{"start":{"line":2,"column":17},"end":{"line":2,"column":36}},"2":{"start":{"line":3,"column":16},"end":{"line":3,"column":42}},"3":{"start":{"line":4,"column":24},"end":{"line":4,"column":50}},"4":{"start":{"line":5,"column":12},"end":{"line":5,"column":21}},"5":{"start":{"line":6,"column":15},"end":{"line":6,"column":37}},"6":{"start":{"line":7,"column":11},"end":{"line":7,"column":26}},"7":{"start":{"line":8,"column":0},"end":{"line":8,"column":18}},"8":{"start":{"line":12,"column":15},"end":{"line":12,"column":42}},"9":{"start":{"line":14,"column":0},"end":{"line":14,"column":48}},"10":{"start":{"line":15,"column":0},"end":{"line":15,"column":24}},"11":{"start":{"line":16,"column":0},"end":{"line":16,"column":16}},"12":{"start":{"line":17,"column":0},"end":{"line":17,"column":23}},"13":{"start":{"line":19,"column":13},"end":{"line":19,"column":37}},"14":{"start":{"line":22,"column":4},"end":{"line":22,"column":44}},"15":{"start":{"line":25,"column":0},"end":{"line":27,"column":3}},"16":{"start":{"line":26,"column":4},"end":{"line":26,"column":32}},"17":{"start":{"line":30,"column":0},"end":{"line":34,"column":4}},"18":{"start":{"line":36,"column":0},"end":{"line":41,"column":4}},"19":{"start":{"line":43,"column":0},"end":{"line":43,"column":31}},"20":{"start":{"line":44,"column":0},"end":{"line":44,"column":28}},"21":{"start":{"line":46,"column":0},"end":{"line":49,"column":3}},"22":{"start":{"line":51,"column":0},"end":{"line":55,"column":4}},"23":{"start":{"line":57,"column":0},"end":{"line":59,"column":2}},"24":{"start":{"line":58,"column":4},"end":{"line":58,"column":38}},"25":{"start":{"line":60,"column":0},"end":{"line":63,"column":2}},"26":{"start":{"line":61,"column":15},"end":{"line":61,"column":35}},"27":{"start":{"line":62,"column":4},"end":{"line":62,"column":49}},"28":{"start":{"line":65,"column":0},"end":{"line":69,"column":4}},"29":{"start":{"line":66,"column":4},"end":{"line":66,"column":54}},"30":{"start":{"line":67,"column":4},"end":{"line":67,"column":11}},"31":{"start":{"line":71,"column":0},"end":{"line":71,"column":34}},"32":{"start":{"line":77,"column":11},"end":{"line":77,"column":30}},"33":{"start":{"line":78,"column":0},"end":{"line":91,"column":5}},"34":{"start":{"line":84,"column":4},"end":{"line":86,"column":7}},"35":{"start":{"line":85,"column":6},"end":{"line":85,"column":65}},"36":{"start":{"line":89,"column":4},"end":{"line":89,"column":56}},"37":{"start":{"line":90,"column":4},"end":{"line":90,"column":19}},"38":{"start":{"line":93,"column":2},"end":{"line":93,"column":23}}},"fnMap":{"0":{"name":"isLoggedIn","decl":{"start":{"line":21,"column":9},"end":{"line":21,"column":19}},"loc":{"start":{"line":21,"column":36},"end":{"line":23,"column":1}},"line":21},"1":{"name":"(anonymous_1)","decl":{"start":{"line":25,"column":13},"end":{"line":25,"column":14}},"loc":{"start":{"line":25,"column":27},"end":{"line":27,"column":1}},"line":25},"2":{"name":"(anonymous_2)","decl":{"start":{"line":57,"column":32},"end":{"line":57,"column":33}},"loc":{"start":{"line":57,"column":46},"end":{"line":59,"column":1}},"line":57},"3":{"name":"(anonymous_3)","decl":{"start":{"line":60,"column":39},"end":{"line":60,"column":40}},"loc":{"start":{"line":60,"column":53},"end":{"line":63,"column":1}},"line":60},"4":{"name":"(anonymous_4)","decl":{"start":{"line":65,"column":8},"end":{"line":65,"column":9}},"loc":{"start":{"line":65,"column":26},"end":{"line":69,"column":3}},"line":65},"5":{"name":"(anonymous_5)","decl":{"start":{"line":83,"column":8},"end":{"line":83,"column":9}},"loc":{"start":{"line":83,"column":14},"end":{"line":87,"column":3}},"line":83},"6":{"name":"(anonymous_6)","decl":{"start":{"line":84,"column":21},"end":{"line":84,"column":22}},"loc":{"start":{"line":84,"column":27},"end":{"line":86,"column":5}},"line":84},"7":{"name":"(anonymous_7)","decl":{"start":{"line":88,"column":9},"end":{"line":88,"column":10}},"loc":{"start":{"line":88,"column":18},"end":{"line":91,"column":3}},"line":88}},"branchMap":{"0":{"loc":{"start":{"line":19,"column":13},"end":{"line":19,"column":37}},"type":"binary-expr","locations":[{"start":{"line":19,"column":13},"end":{"line":19,"column":29}},{"start":{"line":19,"column":33},"end":{"line":19,"column":37}}],"line":19},"1":{"loc":{"start":{"line":22,"column":4},"end":{"line":22,"column":43}},"type":"cond-expr","locations":[{"start":{"line":22,"column":15},"end":{"line":22,"column":21}},{"start":{"line":22,"column":24},"end":{"line":22,"column":43}}],"line":22}},"s":{"0":1,"1":1,"2":1,"3":1,"4":1,"5":1,"6":1,"7":1,"8":1,"9":1,"10":1,"11":1,"12":1,"13":1,"14":0,"15":1,"16":0,"17":1,"18":1,"19":1,"20":1,"21":1,"22":1,"23":1,"24":0,"25":1,"26":0,"27":0,"28":1,"29":0,"30":0,"31":1,"32":1,"33":1,"34":0,"35":0,"36":0,"37":0,"38":1},"f":{"0":0,"1":0,"2":0,"3":0,"4":0,"5":0,"6":0,"7":0},"b":{"0":[1,1],"1":[0,0]},"_coverageSchema":"1a1c01bbd47fc00a2c39e90264f33305004495a9","hash":"1539ce6f9cef60c9ec10a5600717b661a7731cc5"}
}
