TN:
SF:app.js
FN:21,isLoggedIn
FN:25,(anonymous_1)
FN:57,(anonymous_2)
FN:60,(anonymous_3)
FN:65,(anonymous_4)
FN:83,(anonymous_5)
FN:84,(anonymous_6)
FN:88,(anonymous_7)
FNF:8
FNH:0
FNDA:0,isLoggedIn
FNDA:0,(anonymous_1)
FNDA:0,(anonymous_2)
FNDA:0,(anonymous_3)
FNDA:0,(anonymous_4)
FNDA:0,(anonymous_5)
FNDA:0,(anonymous_6)
FNDA:0,(anonymous_7)
DA:1,1
DA:2,1
DA:3,1
DA:4,1
DA:5,1
DA:6,1
DA:7,1
DA:8,1
DA:12,1
DA:14,1
DA:15,1
DA:16,1
DA:17,1
DA:19,1
DA:22,0
DA:25,1
DA:26,0
DA:30,1
DA:36,1
DA:43,1
DA:44,1
DA:46,1
DA:51,1
DA:57,1
DA:58,0
DA:60,1
DA:61,0
DA:62,0
DA:65,1
DA:66,0
DA:67,0
DA:71,1
DA:77,1
DA:78,1
DA:84,0
DA:85,0
DA:89,0
DA:90,0
DA:93,1
LF:39
LH:28
BRDA:19,0,0,1
BRDA:19,0,1,1
BRDA:22,1,0,0
BRDA:22,1,1,0
BRF:4
BRH:2
end_of_record
